<?xml version="1.0" encoding="UTF-8"?>
<!-- Generated by org.testng.reporters.JUnitXMLReporter -->
<testsuite ignored="0" hostname="DESKTOP-ERAU1O0" failures="1" tests="1" name="Surefire test" time="6.619" errors="0" timestamp="2025-05-20T16:26:48 IST">
  <testcase classname="io.cucumber.testng.AbstractTestNGCucumberTests" name="runScenario" time="5.925">
    <failure type="java.lang.AssertionError" message="expected [true] but found [false]">
      <![CDATA[java.lang.AssertionError: expected [true] but found [false]
at stepdefinitions.LoginStepDefinition.user_is_navigated_to_swag_labs_page(LoginStepDefinition.java:43)
at âœ½.User is navigated to Swag Labs page(file:///E:/Charita/Study/GitSelenium/SeleniumCucumberVSCode/saucedemo/src/test/java/features/Login.feature:9)
... Removed 4 stack frames]]>
    </failure>
  </testcase> <!-- runScenario -->
</testsuite> <!-- Surefire test -->
